# JRE version: Java(TM) SE Runtime Environment (8.0_111-b14) (build 1.8.0_111-b14)
# Java VM: Java HotSpot(TM) 64-Bit Server VM (25.111-b14 mixed mode windows-amd64 compressed oops)
Heap:
 PSYoungGen      total 1264640K, used 1264312K [0x000000076b400000, 0x00000007c0000000, 0x00000007c0000000)
  eden space 1196032K, 100% used [0x000000076b400000,0x00000007b4400000,0x00000007b4400000)
  from space 68608K, 99% used [0x00000007b4400000,0x00000007b86ae200,0x00000007b8700000)
  to   space 100352K, 67% used [0x00000007b9e00000,0x00000007be056200,0x00000007c0000000)
 ParOldGen       total 2777088K, used 2573432K [0x00000006c1c00000, 0x000000076b400000, 0x000000076b400000)
  object space 2777088K, 92% used [0x00000006c1c00000,0x000000075ed1e290,0x000000076b400000)
 Metaspace       used 13091K, capacity 13306K, committed 13696K, reserved 1060864K
  class space    used 1502K, capacity 1573K, committed 1664K, reserved 1048576K
GC Heap History (10 events):
Event: 1762.444 GC heap after
Heap after GC invocations=600 (full 9):
 PSYoungGen      total 1306112K, used 58712K [0x000000076b400000, 0x00000007c0000000, 0x00000007c0000000)
  eden space 1247232K, 0% used [0x000000076b400000,0x000000076b400000,0x00000007b7600000)
  from space 58880K, 99% used [0x00000007b7600000,0x00000007baf56200,0x00000007baf80000)
  to   space 77312K, 0% used [0x00000007bb480000,0x00000007bb480000,0x00000007c0000000)
 ParOldGen       total 2777088K, used 2566016K [0x00000006c1c00000, 0x000000076b400000, 0x000000076b400000)
  object space 2777088K, 92% used [0x00000006c1c00000,0x000000075e5e0290,0x000000076b400000)
 Metaspace       used 13091K, capacity 13306K, committed 13696K, reserved 1060864K
  class space    used 1502K, capacity 1573K, committed 1664K, reserved 1048576K
}
Event: 1765.012 GC heap before
{Heap before GC invocations=601 (full 9):
 PSYoungGen      total 1306112K, used 1305944K [0x000000076b400000, 0x00000007c0000000, 0x00000007c0000000)
  eden space 1247232K, 100% used [0x000000076b400000,0x00000007b7600000,0x00000007b7600000)
  from space 58880K, 99% used [0x00000007b7600000,0x00000007baf56200,0x00000007baf80000)
  to   space 77312K, 0% used [0x00000007bb480000,0x00000007bb480000,0x00000007c0000000)
 ParOldGen       total 2777088K, used 2566016K [0x00000006c1c00000, 0x000000076b400000, 0x000000076b400000)
  object space 2777088K, 92% used [0x00000006c1c00000,0x000000075e5e0290,0x000000076b400000)
 Metaspace       used 13091K, capacity 13306K, committed 13696K, reserved 1060864K
  class space    used 1502K, capacity 1573K, committed 1664K, reserved 1048576K
Event: 1765.062 GC heap after
Heap after GC invocations=601 (full 9):
 PSYoungGen      total 1298944K, used 62072K [0x000000076b400000, 0x00000007c0000000, 0x00000007c0000000)
  eden space 1221632K, 0% used [0x000000076b400000,0x000000076b400000,0x00000007b5d00000)
  from space 77312K, 80% used [0x00000007bb480000,0x00000007bf11e200,0x00000007c0000000)
  to   space 83456K, 0% used [0x00000007b5d00000,0x00000007b5d00000,0x00000007bae80000)
 ParOldGen       total 2777088K, used 2566016K [0x00000006c1c00000, 0x000000076b400000, 0x000000076b400000)
  object space 2777088K, 92% used [0x00000006c1c00000,0x000000075e5e0290,0x000000076b400000)
 Metaspace       used 13091K, capacity 13306K, committed 13696K, reserved 1060864K
  class space    used 1502K, capacity 1573K, committed 1664K, reserved 1048576K
}
Event: 1767.629 GC heap before
{Heap before GC invocations=602 (full 9):
 PSYoungGen      total 1298944K, used 1283704K [0x000000076b400000, 0x00000007c0000000, 0x00000007c0000000)
  eden space 1221632K, 100% used [0x000000076b400000,0x00000007b5d00000,0x00000007b5d00000)
  from space 77312K, 80% used [0x00000007bb480000,0x00000007bf11e200,0x00000007c0000000)
  to   space 83456K, 0% used [0x00000007b5d00000,0x00000007b5d00000,0x00000007bae80000)
 ParOldGen       total 2777088K, used 2566016K [0x00000006c1c00000, 0x000000076b400000, 0x000000076b400000)
  object space 2777088K, 92% used [0x00000006c1c00000,0x000000075e5e0290,0x000000076b400000)
 Metaspace       used 13091K, capacity 13306K, committed 13696K, reserved 1060864K
  class space    used 1502K, capacity 1573K, committed 1664K, reserved 1048576K
Event: 1767.676 GC heap after
Heap after GC invocations=602 (full 9):
 PSYoungGen      total 1287168K, used 65368K [0x000000076b400000, 0x00000007c0000000, 0x00000007c0000000)
  eden space 1221632K, 0% used [0x000000076b400000,0x000000076b400000,0x00000007b5d00000)
  from space 65536K, 99% used [0x00000007b5d00000,0x00000007b9cd6200,0x00000007b9d00000)
  to   space 90112K, 0% used [0x00000007ba800000,0x00000007ba800000,0x00000007c0000000)
 ParOldGen       total 2777088K, used 2566016K [0x00000006c1c00000, 0x000000076b400000, 0x000000076b400000)
  object space 2777088K, 92% used [0x00000006c1c00000,0x000000075e5e0290,0x000000076b400000)
 Metaspace       used 13091K, capacity 13306K, committed 13696K, reserved 1060864K
  class space    used 1502K, capacity 1573K, committed 1664K, reserved 1048576K
}
Event: 1770.247 GC heap before
{Heap before GC invocations=603 (full 9):
 PSYoungGen      total 1287168K, used 1287000K [0x000000076b400000, 0x00000007c0000000, 0x00000007c0000000)
  eden space 1221632K, 100% used [0x000000076b400000,0x00000007b5d00000,0x00000007b5d00000)
  from space 65536K, 99% used [0x00000007b5d00000,0x00000007b9cd6200,0x00000007b9d00000)
  to   space 90112K, 0% used [0x00000007ba800000,0x00000007ba800000,0x00000007c0000000)
 ParOldGen       total 2777088K, used 2566016K [0x00000006c1c00000, 0x000000076b400000, 0x000000076b400000)
  object space 2777088K, 92% used [0x00000006c1c00000,0x000000075e5e0290,0x000000076b400000)
 Metaspace       used 13091K, capacity 13306K, committed 13696K, reserved 1060864K
  class space    used 1502K, capacity 1573K, committed 1664K, reserved 1048576K
Event: 1770.297 GC heap after
Heap after GC invocations=603 (full 9):
 PSYoungGen      total 1286144K, used 68760K [0x000000076b400000, 0x00000007c0000000, 0x00000007c0000000)
  eden space 1196032K, 0% used [0x000000076b400000,0x000000076b400000,0x00000007b4400000)
  from space 90112K, 76% used [0x00000007ba800000,0x00000007beb26200,0x00000007c0000000)
  to   space 96256K, 0% used [0x00000007b4400000,0x00000007b4400000,0x00000007ba200000)
 ParOldGen       total 2777088K, used 2566016K [0x00000006c1c00000, 0x000000076b400000, 0x000000076b400000)
  object space 2777088K, 92% used [0x00000006c1c00000,0x000000075e5e0290,0x000000076b400000)
 Metaspace       used 13091K, capacity 13306K, committed 13696K, reserved 1060864K
  class space    used 1502K, capacity 1573K, committed 1664K, reserved 1048576K
}
Event: 1773.056 GC heap before
{Heap before GC invocations=604 (full 9):
 PSYoungGen      total 1286144K, used 1264792K [0x000000076b400000, 0x00000007c0000000, 0x00000007c0000000)
  eden space 1196032K, 100% used [0x000000076b400000,0x00000007b4400000,0x00000007b4400000)
  from space 90112K, 76% used [0x00000007ba800000,0x00000007beb26200,0x00000007c0000000)
  to   space 96256K, 0% used [0x00000007b4400000,0x00000007b4400000,0x00000007ba200000)
 ParOldGen       total 2777088K, used 2566016K [0x00000006c1c00000, 0x000000076b400000, 0x000000076b400000)
  object space 2777088K, 92% used [0x00000006c1c00000,0x000000075e5e0290,0x000000076b400000)
 Metaspace       used 13091K, capacity 13306K, committed 13696K, reserved 1060864K
  class space    used 1502K, capacity 1573K, committed 1664K, reserved 1048576K
Event: 1773.120 GC heap after
Heap after GC invocations=604 (full 9):
 PSYoungGen      total 1264640K, used 68280K [0x000000076b400000, 0x00000007c0000000, 0x00000007c0000000)
  eden space 1196032K, 0% used [0x000000076b400000,0x000000076b400000,0x00000007b4400000)
  from space 68608K, 99% used [0x00000007b4400000,0x00000007b86ae200,0x00000007b8700000)
  to   space 100352K, 0% used [0x00000007b9e00000,0x00000007b9e00000,0x00000007c0000000)
 ParOldGen       total 2777088K, used 2569744K [0x00000006c1c00000, 0x000000076b400000, 0x000000076b400000)
  object space 2777088K, 92% used [0x00000006c1c00000,0x000000075e984290,0x000000076b400000)
 Metaspace       used 13091K, capacity 13306K, committed 13696K, reserved 1060864K
  class space    used 1502K, capacity 1573K, committed 1664K, reserved 1048576K
}
Event: 1782.461 GC heap before
{Heap before GC invocations=605 (full 9):
 PSYoungGen      total 1264640K, used 1264312K [0x000000076b400000, 0x00000007c0000000, 0x00000007c0000000)
  eden space 1196032K, 100% used [0x000000076b400000,0x00000007b4400000,0x00000007b4400000)
  from space 68608K, 99% used [0x00000007b4400000,0x00000007b86ae200,0x00000007b8700000)
  to   space 100352K, 0% used [0x00000007b9e00000,0x00000007b9e00000,0x00000007c0000000)
 ParOldGen       total 2777088K, used 2569744K [0x00000006c1c00000, 0x000000076b400000, 0x000000076b400000)
  object space 2777088K, 92% used [0x00000006c1c00000,0x000000075e984290,0x000000076b400000)
 Metaspace       used 13091K, capacity 13306K, committed 13696K, reserved 1060864K
  class space    used 1502K, capacity 1573K, committed 1664K, reserved 1048576K

